<?xml version="1.0" encoding="UTF-8"?>
<testsuite xmlns:xsi="http://www.w3.org/2001/XMLSchema-instance" xsi:noNamespaceSchemaLocation="https://maven.apache.org/surefire/maven-surefire-plugin/xsd/surefire-test-report-3.0.xsd" version="3.0" name="com.jenkins.maven.JenkinsGitMavenApplicationTests" time="5.864" tests="1" errors="0" skipped="0" failures="0">
  <properties>
[...]
</properties>
  <testcase name="contextLoads" classname="com.jenkins.maven.JenkinsGitMavenApplicationTests" time="1.919">
    <system-out><![CDATA[12:26:25.403 [main] INFO org.springframework.test.context.support.AnnotationConfigContextLoaderUtils -- Could not detect default configuration classes for test class [com.jenkins.maven.JenkinsGitMavenApplicationTests]: JenkinsGitMavenApplicationTests does not declare any static, non-private, non-final, nested classes annotated with @Configuration.
12:26:25.607 [main] INFO org.springframework.boot.test.context.SpringBootTestContextBootstrapper -- Found @SpringBootConfiguration com.jenkins.maven.JenkinsGitMavenApplication for test class com.jenkins.maven.JenkinsGitMavenApplicationTests

  .   ____          _            __ _ _
 /\\ / ___'_ __ _ _(_)_ __  __ _ \ \ \ \
( ( )\___ | '_ | '_| | '_ \/ _` | \ \ \ \
 \\/  ___)| |_)| | | | | || (_| |  ) ) ) )
  '  |____| .__|_| |_|_| |_\__, | / / / /
 =========|_|==============|___/=/_/_/_/
 :: Spring Boot ::                (v3.1.3)

2023-09-09T12:26:26.582+05:30  INFO 14184 --- [           main] c.j.m.JenkinsGitMavenApplicationTests    : Starting JenkinsGitMavenApplicationTests using Java 17.0.2 with PID 14184 (started by mypc in E:\Learning\springboot\jenkins-git-maven)
2023-09-09T12:26:26.586+05:30  INFO 14184 --- [           main] c.j.m.JenkinsGitMavenApplicationTests    : No active profile set, falling back to 1 default profile: "default"
2023-09-09T12:26:28.018+05:30  INFO 14184 --- [           main] c.j.maven.JenkinsGitMavenApplication     : Application very much Started
2023-09-09T12:26:28.896+05:30  INFO 14184 --- [           main] c.j.m.JenkinsGitMavenApplicationTests    : Started JenkinsGitMavenApplicationTests in 2.886 seconds (process running for 5.111)
2023-09-09T12:26:30.844+05:30  INFO 14184 --- [           main] c.j.m.JenkinsGitMavenApplicationTests    : Application testing....
]]></system-out>
  </testcase>
</testsuite>